<?xml version="1.0" encoding="UTF-8"?>
<testsuite xmlns:xsi="http://www.w3.org/2001/XMLSchema-instance" xsi:noNamespaceSchemaLocation="https://maven.apache.org/surefire/maven-surefire-plugin/xsd/surefire-test-report.xsd" version="3.0.2" name="com.example.bajaj_api_assigment.BajajApiAssigmentApplicationTests" time="3.277" tests="1" errors="0" skipped="0" failures="0">
  <properties>
[...]
</properties>
  <testcase name="contextLoads" classname="com.example.bajaj_api_assigment.BajajApiAssigmentApplicationTests" time="0.739">
    <system-out><![CDATA[15:05:57.411 [main] INFO org.springframework.test.context.support.AnnotationConfigContextLoaderUtils -- Could not detect default configuration classes for test class [com.example.bajaj_api_assigment.BajajApiAssigmentApplicationTests]: BajajApiAssigmentApplicationTests does not declare any static, non-private, non-final, nested classes annotated with @Configuration.
15:05:57.529 [main] INFO org.springframework.boot.test.context.SpringBootTestContextBootstrapper -- Found @SpringBootConfiguration com.example.bajaj_api_assigment.BajajApiAssigmentApplication for test class com.example.bajaj_api_assigment.BajajApiAssigmentApplicationTests

  .   ____          _            __ _ _
 /\\ / ___'_ __ _ _(_)_ __  __ _ \ \ \ \
( ( )\___ | '_ | '_| | '_ \/ _` | \ \ \ \
 \\/  ___)| |_)| | | | | || (_| |  ) ) ) )
  '  |____| .__|_| |_|_| |_\__, | / / / /
 =========|_|==============|___/=/_/_/_/

 :: Spring Boot ::               (v3.4.10)

2025-09-22T15:05:58.034+05:30  INFO 13556 --- [bajaj-api-assigment] [           main] c.e.b.BajajApiAssigmentApplicationTests  : Starting BajajApiAssigmentApplicationTests using Java 17.0.13 with PID 13556 (started by Abhishek Raina in D:\FULL DEVELOPEMENT DIRECTORY\Java\Cracking Bajaj Project\bajaj-api-assigment)
2025-09-22T15:05:58.036+05:30  INFO 13556 --- [bajaj-api-assigment] [           main] c.e.b.BajajApiAssigmentApplicationTests  : No active profile set, falling back to 1 default profile: "default"
2025-09-22T15:05:59.092+05:30  INFO 13556 --- [bajaj-api-assigment] [           main] c.e.b.BajajApiAssigmentApplicationTests  : Started BajajApiAssigmentApplicationTests in 1.376 seconds (process running for 2.641)
Webhook URL: https://bfhldevapigw.healthrx.co.in/hiring/testWebhook/JAVA
Access Token: eyJhbGciOiJIUzI1NiJ9.eyJyZWdObyI6IjAxMDFDUzIyMTAwNiIsIm5hbWUiOiJBYmhpc2hlayByYWluYSIsImVtYWlsIjoiYWJoaXNoZWsucmFpbmEudWl0QGdtYWlsLmNvbSIsInN1YiI6IndlYmhvb2stdXNlciIsImlhdCI6MTc1ODUzMzc1OCwiZXhwIjoxNzU4NTM0NjU4fQ.xyWqZNMJWhcyXxKaq-6HToKFG2BZ1OWdphWlSiaFkT8
Submission response: {"success":true,"message":"Webhook processed successfully"}
]]></system-out>
  </testcase>
</testsuite>